Mandelbrot set calculation for 1920x1080 took: 3.64048 seconds.
Mandelbrot set calculation for 1920x1080 took: 3.60898 seconds.
Mandelbrot set calculation for 1920x1080 took: 3.63263 seconds.
Mandelbrot set calculation for 1920x1080 took: 3.59637 seconds.
Mandelbrot set calculation for 1920x1080 took: 3.6092 seconds.

 Performance counter stats for 'system wide' (5 runs):

            103,92 Joules power/energy-pkg/                                                    ( +- 13,86% )
             90,60 Joules power/energy-cores/                                                  ( +- 15,79% )
              3,97 Joules power/energy-ram/                                                    ( +-  8,81% )

            3,8175 +- 0,0174 seconds time elapsed  ( +-  0,46% )

Mandelbrot set calculation for 3840x2176 took: 14.5928 seconds.
Mandelbrot set calculation for 3840x2176 took: 14.3805 seconds.
Mandelbrot set calculation for 3840x2176 took: 14.3747 seconds.
Mandelbrot set calculation for 3840x2176 took: 14.3721 seconds.
Mandelbrot set calculation for 3840x2176 took: 14.3718 seconds.

 Performance counter stats for 'system wide' (5 runs):

            282,71 Joules power/energy-pkg/                                                    ( +- 46,79% )
            231,98 Joules power/energy-cores/                                                  ( +- 56,74% )
             13,19 Joules power/energy-ram/                                                    ( +- 26,50% )

           14,5945 +- 0,0431 seconds time elapsed  ( +-  0,30% )

Mandelbrot set calculation for 7680x4352 took: 57.2555 seconds.
Mandelbrot set calculation for 7680x4352 took: 57.253 seconds.
Mandelbrot set calculation for 7680x4352 took: 57.3381 seconds.
Mandelbrot set calculation for 7680x4352 took: 57.3275 seconds.
Mandelbrot set calculation for 7680x4352 took: 57.3147 seconds.

 Performance counter stats for 'system wide' (5 runs):

          1.331,49 Joules power/energy-pkg/                                                    ( +-  4,21% )
          1.129,73 Joules power/energy-cores/                                                  ( +-  4,94% )
             58,06 Joules power/energy-ram/                                                    ( +-  2,22% )

           57,5525 +- 0,0270 seconds time elapsed  ( +-  0,05% )

Mandelbrot set calculation for 1920x1080 took: 1.83277 seconds.
Mandelbrot set calculation for 1920x1080 took: 1.89767 seconds.
Mandelbrot set calculation for 1920x1080 took: 1.82535 seconds.
Mandelbrot set calculation for 1920x1080 took: 1.81593 seconds.
Mandelbrot set calculation for 1920x1080 took: 1.80528 seconds.

 Performance counter stats for 'system wide' (5 runs):

             67,92 Joules power/energy-pkg/                                                    ( +-  5,03% )
             60,96 Joules power/energy-cores/                                                  ( +-  5,54% )
              2,04 Joules power/energy-ram/                                                    ( +-  4,81% )

            1,9999 +- 0,0121 seconds time elapsed  ( +-  0,61% )

Mandelbrot set calculation for 3840x2176 took: 7.23012 seconds.
Mandelbrot set calculation for 3840x2176 took: 7.2543 seconds.
Mandelbrot set calculation for 3840x2176 took: 7.23355 seconds.
Mandelbrot set calculation for 3840x2176 took: 7.21509 seconds.
Mandelbrot set calculation for 3840x2176 took: 7.20666 seconds.

 Performance counter stats for 'system wide' (5 runs):

            240,19 Joules power/energy-pkg/                                                    ( +-  2,29% )
            214,38 Joules power/energy-cores/                                                  ( +-  2,55% )
              6,97 Joules power/energy-ram/                                                    ( +-  1,41% )

            7,4062 +- 0,0103 seconds time elapsed  ( +-  0,14% )

Mandelbrot set calculation for 7680x4352 took: 28.8485 seconds.
Mandelbrot set calculation for 7680x4352 took: 28.7662 seconds.
Mandelbrot set calculation for 7680x4352 took: 28.7629 seconds.
Mandelbrot set calculation for 7680x4352 took: 28.7242 seconds.
Mandelbrot set calculation for 7680x4352 took: 28.757 seconds.

 Performance counter stats for 'system wide' (5 runs):

            907,37 Joules power/energy-pkg/                                                    ( +-  1,84% )
            805,95 Joules power/energy-cores/                                                  ( +-  2,06% )
             26,90 Joules power/energy-ram/                                                    ( +-  1,41% )

           29,0256 +- 0,0357 seconds time elapsed  ( +-  0,12% )

Mandelbrot set calculation for 1920x1080 took: 0.901913 seconds.
Mandelbrot set calculation for 1920x1080 took: 0.916822 seconds.
Mandelbrot set calculation for 1920x1080 took: 0.927276 seconds.
Mandelbrot set calculation for 1920x1080 took: 0.960925 seconds.
Mandelbrot set calculation for 1920x1080 took: 0.910629 seconds.

 Performance counter stats for 'system wide' (5 runs):

             53,42 Joules power/energy-pkg/                                                    ( +-  2,16% )
             49,69 Joules power/energy-cores/                                                  ( +-  2,42% )
              1,06 Joules power/energy-ram/                                                    ( +-  2,39% )

            1,0810 +- 0,0284 seconds time elapsed  ( +-  2,62% )

Mandelbrot set calculation for 3840x2176 took: 3.61918 seconds.
Mandelbrot set calculation for 3840x2176 took: 3.64343 seconds.
Mandelbrot set calculation for 3840x2176 took: 3.6348 seconds.
Mandelbrot set calculation for 3840x2176 took: 3.63716 seconds.
Mandelbrot set calculation for 3840x2176 took: 3.62621 seconds.

 Performance counter stats for 'system wide' (5 runs):

            195,54 Joules power/energy-pkg/                                                    ( +-  0,24% )
            182,08 Joules power/energy-cores/                                                  ( +-  0,29% )
              3,67 Joules power/energy-ram/                                                    ( +-  0,82% )

            3,9269 +- 0,0338 seconds time elapsed  ( +-  0,86% )

Mandelbrot set calculation for 7680x4352 took: 14.4094 seconds.
Mandelbrot set calculation for 7680x4352 took: 14.398 seconds.
Mandelbrot set calculation for 7680x4352 took: 14.4173 seconds.
Mandelbrot set calculation for 7680x4352 took: 14.4303 seconds.
Mandelbrot set calculation for 7680x4352 took: 14.429 seconds.

 Performance counter stats for 'system wide' (5 runs):

            774,38 Joules power/energy-pkg/                                                    ( +-  0,19% )
            722,95 Joules power/energy-cores/                                                  ( +-  0,20% )
             13,80 Joules power/energy-ram/                                                    ( +-  0,31% )

           14,7512 +- 0,0260 seconds time elapsed  ( +-  0,18% )

Mandelbrot set calculation for 1920x1080 took: 0.574149 seconds.
Mandelbrot set calculation for 1920x1080 took: 0.488847 seconds.
Mandelbrot set calculation for 1920x1080 took: 0.486507 seconds.
Mandelbrot set calculation for 1920x1080 took: 0.485146 seconds.
Mandelbrot set calculation for 1920x1080 took: 0.629183 seconds.

 Performance counter stats for 'system wide' (5 runs):

             45,02 Joules power/energy-pkg/                                                    ( +-  5,82% )
             41,75 Joules power/energy-cores/                                                  ( +-  5,99% )
              0,98 Joules power/energy-ram/                                                    ( +-  4,97% )

            0,7997 +- 0,0418 seconds time elapsed  ( +-  5,23% )

Mandelbrot set calculation for 3840x2176 took: 1.9321 seconds.
Mandelbrot set calculation for 3840x2176 took: 2.03137 seconds.
Mandelbrot set calculation for 3840x2176 took: 2.03401 seconds.
Mandelbrot set calculation for 3840x2176 took: 1.9333 seconds.
Mandelbrot set calculation for 3840x2176 took: 2.14515 seconds.

 Performance counter stats for 'system wide' (5 runs):

            134,19 Joules power/energy-pkg/                                                    ( +-  1,62% )
            125,53 Joules power/energy-cores/                                                  ( +-  1,57% )
              2,45 Joules power/energy-ram/                                                    ( +-  2,80% )

            2,3222 +- 0,0590 seconds time elapsed  ( +-  2,54% )

Mandelbrot set calculation for 7680x4352 took: 7.86736 seconds.
Mandelbrot set calculation for 7680x4352 took: 8.02999 seconds.
Mandelbrot set calculation for 7680x4352 took: 7.8963 seconds.
Mandelbrot set calculation for 7680x4352 took: 7.95829 seconds.
Mandelbrot set calculation for 7680x4352 took: 8.001 seconds.

 Performance counter stats for 'system wide' (5 runs):

            501,76 Joules power/energy-pkg/                                                    ( +-  0,44% )
            472,35 Joules power/energy-cores/                                                  ( +-  0,44% )
              8,15 Joules power/energy-ram/                                                    ( +-  0,54% )

            8,3345 +- 0,0380 seconds time elapsed  ( +-  0,46% )

Mandelbrot set calculation for 1920x1088 took: 0.589893 seconds.
Mandelbrot set calculation for 1920x1088 took: 0.596383 seconds.
Mandelbrot set calculation for 1920x1088 took: 0.555837 seconds.
Mandelbrot set calculation for 1920x1088 took: 0.55619 seconds.
Mandelbrot set calculation for 1920x1088 took: 0.622183 seconds.

 Performance counter stats for 'system wide' (5 runs):

             54,53 Joules power/energy-pkg/                                                    ( +-  2,79% )
             51,05 Joules power/energy-cores/                                                  ( +-  2,91% )
              1,08 Joules power/energy-ram/                                                    ( +-  2,64% )

            0,9498 +- 0,0311 seconds time elapsed  ( +-  3,27% )

Mandelbrot set calculation for 3840x2176 took: 2.1359 seconds.
Mandelbrot set calculation for 3840x2176 took: 2.10124 seconds.
Mandelbrot set calculation for 3840x2176 took: 2.12973 seconds.
Mandelbrot set calculation for 3840x2176 took: 2.09541 seconds.
Mandelbrot set calculation for 3840x2176 took: 2.09899 seconds.

 Performance counter stats for 'system wide' (5 runs):

            146,91 Joules power/energy-pkg/                                                    ( +-  0,55% )
            137,45 Joules power/energy-cores/                                                  ( +-  0,63% )
              2,80 Joules power/energy-ram/                                                    ( +-  1,05% )

            2,6030 +- 0,0313 seconds time elapsed  ( +-  1,20% )

Mandelbrot set calculation for 7680x4352 took: 8.31807 seconds.
Mandelbrot set calculation for 7680x4352 took: 8.11301 seconds.
Mandelbrot set calculation for 7680x4352 took: 8.50578 seconds.
Mandelbrot set calculation for 7680x4352 took: 8.00185 seconds.
Mandelbrot set calculation for 7680x4352 took: 8.21448 seconds.

 Performance counter stats for 'system wide' (5 runs):

            541,93 Joules power/energy-pkg/                                                    ( +-  1,33% )
            510,13 Joules power/energy-cores/                                                  ( +-  1,34% )
              9,05 Joules power/energy-ram/                                                    ( +-  1,20% )

             8,930 +- 0,107 seconds time elapsed  ( +-  1,20% )

