Computing heat-distribution for room size 2048X2048 for T=100 timesteps
Elapsed: 1.65942
	XXXXXXXXXXXXXXXXXXXXXXXXXXXXXXXXXXXXXXXXXXXXXXXXXXXX
	X                                                  X
	X                                                  X
	X                                                  X
	X                                                  X
	X                                                  X
	X                                                  X
	X                                                  X
	X                                                  X
	X                                                  X
	X                                                  X
	X                                                  X
	X                                                  X
	X                                                  X
	X                                                  X
	X                                                  X
	X                                                  X
	X                                                  X
	X                                                  X
	X                                                  X
	X                                                  X
	X                                                  X
	X                                                  X
	X                                                  X
	X                                                  X
	X                                                  X
	X                         @                        X
	X                                                  X
	X                                                  X
	X                                                  X
	X                                                  X
	X                                                  X
	X                                                  X
	X                                                  X
	X                                                  X
	X                                                  X
	X                                                  X
	X                                                  X
	X                                                  X
	X                                                  X
	X                                                  X
	X                                                  X
	X                                                  X
	X                                                  X
	X                                                  X
	X                                                  X
	X                                                  X
	X                                                  X
	X                                                  X
	X                                                  X
	X                                                  X
	XXXXXXXXXXXXXXXXXXXXXXXXXXXXXXXXXXXXXXXXXXXXXXXXXXXX

 Performance counter stats for 'mpiexec -x GMON_OUT_PREFIX -n 64 ./build/hw03/parallel/3_heat_stencil_2d_par 2048 100':

         46,393.57 msec task-clock:u              #    1.521 CPUs utilized          
                 0      context-switches:u        #    0.000 K/sec                  
                 0      cpu-migrations:u          #    0.000 K/sec                  
            39,729      page-faults:u             #    0.856 K/sec                  
    70,125,179,940      cycles:u                  #    1.512 GHz                      (47.17%)
    61,555,925,849      instructions:u            #    0.88  insn per cycle           (70.74%)
    11,034,687,918      branches:u                #  237.850 M/sec                    (76.85%)
       137,616,905      branch-misses:u           #    1.25% of all branches          (75.98%)

      30.504658240 seconds time elapsed

      26.722966000 seconds user
      25.586935000 seconds sys


Computing heat-distribution for room size 2048X2048 for T=100 timesteps
Elapsed: 0.306137
	XXXXXXXXXXXXXXXXXXXXXXXXXXXXXXXXXXXXXXXXXXXXXXXXXXXX
	X                                                  X
	X                                                  X
	X                                                  X
	X                                                  X
	X                                                  X
	X                                                  X
	X                                                  X
	X                                                  X
	X                                                  X
	X                                                  X
	X                                                  X
	X                                                  X
	X                                                  X
	X                                                  X
	X                                                  X
	X                                                  X
	X                                                  X
	X                                                  X
	X                                                  X
	X                                                  X
	X                                                  X
	X                                                  X
	X                                                  X
	X                                                  X
	X                                                  X
	X                         @                        X
	X                                                  X
	X                                                  X
	X                                                  X
	X                                                  X
	X                                                  X
	X                                                  X
	X                                                  X
	X                                                  X
	X                                                  X
	X                                                  X
	X                                                  X
	X                                                  X
	X                                                  X
	X                                                  X
	X                                                  X
	X                                                  X
	X                                                  X
	X                                                  X
	X                                                  X
	X                                                  X
	X                                                  X
	X                                                  X
	X                                                  X
	X                                                  X
	XXXXXXXXXXXXXXXXXXXXXXXXXXXXXXXXXXXXXXXXXXXXXXXXXXXX
[ perf record: Woken up 43 times to write data ]
Warning:
Processed 347342 events and lost 2 chunks!

Check IO/CPU overload!

[ perf record: Captured and wrote 13.616 MB perf.data (315214 samples) ]
