
 Performance counter stats for 'mpiexec -x GMON_OUT_PREFIX -n 64 ./build/hw03/parallel/3_heat_stencil_2d_par 2048 100':

          6,604.77 msec task-clock:u              #    1.875 CPUs utilized          
                 0      context-switches:u        #    0.000 K/sec                  
                 0      cpu-migrations:u          #    0.000 K/sec                  
            39,700      page-faults:u             #    0.006 M/sec                  
    13,552,808,564      cycles:u                  #    2.052 GHz                      (49.71%)
    15,073,989,127      instructions:u            #    1.11  insn per cycle           (74.91%)
     2,952,105,087      branches:u                #  446.965 M/sec                    (75.22%)
        11,093,090      branch-misses:u           #    0.38% of all branches          (75.07%)

       3.522069550 seconds time elapsed

       5.505762000 seconds user
       1.136119000 seconds sys


[ perf record: Woken up 1 times to write data ]
[ perf record: Captured and wrote 1.216 MB perf.data (15317 samples) ]



 Performance counter stats for 'mpiexec -x GMON_OUT_PREFIX -n 64 ./build/hw03/parallel/3_heat_stencil_2d_par 2048 100':

           943,454      cache-misses:u            #    2.781 % of all cache refs      (40.28%)
        33,923,475      cache-references:u                                            (39.82%)
     8,507,366,725      instructions:u                                                (59.47%)
     1,564,682,287      branches:u                                                    (59.72%)
         9,485,909      branch-misses:u           #    0.61% of all branches          (60.18%)

       2.318730534 seconds time elapsed

       3.378993000 seconds user
       1.164240000 seconds sys



